2015/03/27 12:42:22 [error] [php] Trying to get property of non-object (C:\xampp\htdocs\dealerprice\protected\controllers\SiteController.php:352)
Stack trace:
#0 C:\xampp\htdocs\yii\web\actions\CInlineAction.php(47): CInlineAction->runWithParamsInternal()
#1 C:\xampp\htdocs\yii\web\CController.php(308): CInlineAction->runWithParams()
#2 C:\xampp\htdocs\yii\web\CController.php(286): SiteController->runAction()
#3 C:\xampp\htdocs\yii\web\CController.php(265): SiteController->runActionWithFilters()
#4 C:\xampp\htdocs\yii\web\CWebApplication.php(282): SiteController->run()
#5 C:\xampp\htdocs\yii\web\CWebApplication.php(141): CWebApplication->runController()
#6 C:\xampp\htdocs\yii\base\CApplication.php(184): CWebApplication->processRequest()
#7 C:\xampp\htdocs\dealerprice\index.php(13): CWebApplication->run()
REQUEST_URI=/dealerprice/product/sony-xperia-z2-black2332
in C:\xampp\htdocs\dealerprice\protected\controllers\SiteController.php (352)
in C:\xampp\htdocs\dealerprice\index.php (13)
2015/03/30 11:15:22 [error] [system.db.CDbCommand] CDbCommand::fetchAll() failed: SQLSTATE[42S22]: Column not found: 1054 Unknown column 'productDetails.product_d' in 'where clause'. The SQL statement executed was: SELECT `products`.`id` AS `t0_c0`, `products`.`type_id` AS `t0_c1`, `products`.`brand_id` AS `t0_c2`, `products`.`name` AS `t0_c3`, `products`.`url` AS `t0_c4`, `products`.`images` AS `t0_c5`, `products`.`key_features` AS `t0_c6`, `products`.`specifications` AS `t0_c7`, `products`.`overview` AS `t0_c8`, `products`.`video_url` AS `t0_c9`, `products`.`status` AS `t0_c10`, `products`.`last_updated` AS `t0_c11`, `types`.`id` AS `t1_c0`, `types`.`sub_category_id` AS `t1_c1`, `types`.`name` AS `t1_c2`, `types`.`url` AS `t1_c3`, `types`.`description` AS `t1_c4`, `types`.`status` AS `t1_c5`, `typessubCategory`.`id` AS `t4_c0`, `typessubCategory`.`category_id` AS `t4_c1`, `typessubCategory`.`name` AS `t4_c2`, `typessubCategory`.`url` AS `t4_c3`, `typessubCategory`.`description` AS `t4_c4`, `typessubCategory`.`status` AS `t4_c5`, `tcategory`.`id` AS `t5_c0`, `tcategory`.`name` AS `t5_c1`, `tcategory`.`url` AS `t5_c2`, `tcategory`.`description` AS `t5_c3`, `tcategory`.`status` AS `t5_c4`, `brands`.`id` AS `t2_c0`, `brands`.`sub_category_id` AS `t2_c1`, `brands`.`name` AS `t2_c2`, `brands`.`url` AS `t2_c3`, `brands`.`description` AS `t2_c4`, `brands`.`status` AS `t2_c5`, `brandssubCategory`.`id` AS `t6_c0`, `brandssubCategory`.`category_id` AS `t6_c1`, `brandssubCategory`.`name` AS `t6_c2`, `brandssubCategory`.`url` AS `t6_c3`, `brandssubCategory`.`description` AS `t6_c4`, `brandssubCategory`.`status` AS `t6_c5`, `bcategory`.`id` AS `t7_c0`, `bcategory`.`name` AS `t7_c1`, `bcategory`.`url` AS `t7_c2`, `bcategory`.`description` AS `t7_c3`, `bcategory`.`status` AS `t7_c4`, `productDetails`.`id` AS `t3_c0`, `productDetails`.`product_id` AS `t3_c1`, `productDetails`.`store_id` AS `t3_c2`, `productDetails`.`affiliate_url` AS `t3_c3`, `productDetails`.`mrp` AS `t3_c4`, `productDetails`.`price` AS `t3_c5`, `productDetails`.`discount` AS `t3_c6`, `productDetails`.`rating` AS `t3_c7`, `productDetails`.`rating_people` AS `t3_c8` FROM `products` `products`  LEFT OUTER JOIN `product_type` `types` ON (`products`.`type_id`=`types`.`id`) LEFT OUTER JOIN `sub_categories` `typessubCategory` ON (`types`.`sub_category_id`=`typessubCategory`.`id`) LEFT OUTER JOIN `categories` `tcategory` ON (`typessubCategory`.`category_id`=`tcategory`.`id`) LEFT OUTER JOIN `brands` `brands` ON (`products`.`brand_id`=`brands`.`id`) LEFT OUTER JOIN `sub_categories` `brandssubCategory` ON (`brands`.`sub_category_id`=`brandssubCategory`.`id`) LEFT OUTER JOIN `categories` `bcategory` ON (`brandssubCategory`.`category_id`=`bcategory`.`id`) LEFT OUTER JOIN `product_details` `productDetails` ON (`productDetails`.`product_id`=`products`.`id`) WHERE (((((((((((tcategory.url LIKE :ycp0) OR (bcategory.url LIKE :ycp1)) AND (tcategory.name LIKE :ycp2)) OR (bcategory.name LIKE :ycp3)) OR (typessubCategory.name LIKE :ycp4)) OR (brandssubCategory.name LIKE :ycp5)) OR (products.name LIKE :ycp6)) OR (types.name LIKE :ycp7)) OR (brands.name LIKE :ycp8)) AND (productDetails.product_d is not null)) AND (products.status = 0)) AND (productDetails.price > 0 ) GROUP BY products.id.
in C:\xampp\htdocs\dealerprice\protected\controllers\SiteController.php (506)
in C:\xampp\htdocs\dealerprice\index.php (13)
2015/03/30 11:15:22 [error] [exception.CDbException] exception 'CDbException' with message 'CDbCommand failed to execute the SQL statement: SQLSTATE[42S22]: Column not found: 1054 Unknown column 'productDetails.product_d' in 'where clause'. The SQL statement executed was: SELECT `products`.`id` AS `t0_c0`, `products`.`type_id` AS `t0_c1`, `products`.`brand_id` AS `t0_c2`, `products`.`name` AS `t0_c3`, `products`.`url` AS `t0_c4`, `products`.`images` AS `t0_c5`, `products`.`key_features` AS `t0_c6`, `products`.`specifications` AS `t0_c7`, `products`.`overview` AS `t0_c8`, `products`.`video_url` AS `t0_c9`, `products`.`status` AS `t0_c10`, `products`.`last_updated` AS `t0_c11`, `types`.`id` AS `t1_c0`, `types`.`sub_category_id` AS `t1_c1`, `types`.`name` AS `t1_c2`, `types`.`url` AS `t1_c3`, `types`.`description` AS `t1_c4`, `types`.`status` AS `t1_c5`, `typessubCategory`.`id` AS `t4_c0`, `typessubCategory`.`category_id` AS `t4_c1`, `typessubCategory`.`name` AS `t4_c2`, `typessubCategory`.`url` AS `t4_c3`, `typessubCategory`.`description` AS `t4_c4`, `typessubCategory`.`status` AS `t4_c5`, `tcategory`.`id` AS `t5_c0`, `tcategory`.`name` AS `t5_c1`, `tcategory`.`url` AS `t5_c2`, `tcategory`.`description` AS `t5_c3`, `tcategory`.`status` AS `t5_c4`, `brands`.`id` AS `t2_c0`, `brands`.`sub_category_id` AS `t2_c1`, `brands`.`name` AS `t2_c2`, `brands`.`url` AS `t2_c3`, `brands`.`description` AS `t2_c4`, `brands`.`status` AS `t2_c5`, `brandssubCategory`.`id` AS `t6_c0`, `brandssubCategory`.`category_id` AS `t6_c1`, `brandssubCategory`.`name` AS `t6_c2`, `brandssubCategory`.`url` AS `t6_c3`, `brandssubCategory`.`description` AS `t6_c4`, `brandssubCategory`.`status` AS `t6_c5`, `bcategory`.`id` AS `t7_c0`, `bcategory`.`name` AS `t7_c1`, `bcategory`.`url` AS `t7_c2`, `bcategory`.`description` AS `t7_c3`, `bcategory`.`status` AS `t7_c4`, `productDetails`.`id` AS `t3_c0`, `productDetails`.`product_id` AS `t3_c1`, `productDetails`.`store_id` AS `t3_c2`, `productDetails`.`affiliate_url` AS `t3_c3`, `productDetails`.`mrp` AS `t3_c4`, `productDetails`.`price` AS `t3_c5`, `productDetails`.`discount` AS `t3_c6`, `productDetails`.`rating` AS `t3_c7`, `productDetails`.`rating_people` AS `t3_c8` FROM `products` `products`  LEFT OUTER JOIN `product_type` `types` ON (`products`.`type_id`=`types`.`id`) LEFT OUTER JOIN `sub_categories` `typessubCategory` ON (`types`.`sub_category_id`=`typessubCategory`.`id`) LEFT OUTER JOIN `categories` `tcategory` ON (`typessubCategory`.`category_id`=`tcategory`.`id`) LEFT OUTER JOIN `brands` `brands` ON (`products`.`brand_id`=`brands`.`id`) LEFT OUTER JOIN `sub_categories` `brandssubCategory` ON (`brands`.`sub_category_id`=`brandssubCategory`.`id`) LEFT OUTER JOIN `categories` `bcategory` ON (`brandssubCategory`.`category_id`=`bcategory`.`id`) LEFT OUTER JOIN `product_details` `productDetails` ON (`productDetails`.`product_id`=`products`.`id`) WHERE (((((((((((tcategory.url LIKE :ycp0) OR (bcategory.url LIKE :ycp1)) AND (tcategory.name LIKE :ycp2)) OR (bcategory.name LIKE :ycp3)) OR (typessubCategory.name LIKE :ycp4)) OR (brandssubCategory.name LIKE :ycp5)) OR (products.name LIKE :ycp6)) OR (types.name LIKE :ycp7)) OR (brands.name LIKE :ycp8)) AND (productDetails.product_d is not null)) AND (products.status = 0)) AND (productDetails.price > 0 ) GROUP BY products.id' in C:\xampp\htdocs\yii\db\CDbCommand.php:543
Stack trace:
#0 C:\xampp\htdocs\yii\db\CDbCommand.php(396): CDbCommand->queryInternal('fetchAll', Array, Array)
#1 C:\xampp\htdocs\yii\db\ar\CActiveFinder.php(808): CDbCommand->queryAll()
#2 C:\xampp\htdocs\yii\db\ar\CActiveFinder.php(440): CJoinElement->runQuery(Object(CJoinQuery))
#3 C:\xampp\htdocs\yii\db\ar\CActiveFinder.php(68): CJoinElement->find(Object(CDbCriteria))
#4 C:\xampp\htdocs\yii\db\ar\CActiveRecord.php(1361): CActiveFinder->query(Object(CDbCriteria), true)
#5 C:\xampp\htdocs\yii\db\ar\CActiveRecord.php(1475): CActiveRecord->query(Object(CDbCriteria), true)
#6 C:\xampp\htdocs\dealerprice\protected\controllers\SiteController.php(506): CActiveRecord->findAll(Object(CDbCriteria))
#7 [internal function]: SiteController->actionSearch('sony', 'televisions-and...')
#8 C:\xampp\htdocs\yii\web\actions\CAction.php(109): ReflectionMethod->invokeArgs(Object(SiteController), Array)
#9 C:\xampp\htdocs\yii\web\actions\CInlineAction.php(47): CAction->runWithParamsInternal(Object(SiteController), Object(ReflectionMethod), Array)
#10 C:\xampp\htdocs\yii\web\CController.php(308): CInlineAction->runWithParams(Array)
#11 C:\xampp\htdocs\yii\web\CController.php(286): CController->runAction(Object(CInlineAction))
#12 C:\xampp\htdocs\yii\web\CController.php(265): CController->runActionWithFilters(Object(CInlineAction), Array)
#13 C:\xampp\htdocs\yii\web\CWebApplication.php(282): CController->run('search')
#14 C:\xampp\htdocs\yii\web\CWebApplication.php(141): CWebApplication->runController('site/search')
#15 C:\xampp\htdocs\yii\base\CApplication.php(184): CWebApplication->processRequest()
#16 C:\xampp\htdocs\dealerprice\index.php(13): CApplication->run()
#17 {main}
REQUEST_URI=/dealerprice/search?q=sony&cat=televisions-and-cameras
HTTP_REFERER=http://localhost/dealerprice/
---
2015/03/30 12:03:24 [error] [exception.CHttpException.404] exception 'CHttpException' with message 'Unable to resolve the request "themes/classic/images/ui-anim_basic_16x16.png".' in C:\xampp\htdocs\yii\web\CWebApplication.php:286
Stack trace:
#0 C:\xampp\htdocs\yii\web\CWebApplication.php(141): CWebApplication->runController('themes/classic/...')
#1 C:\xampp\htdocs\yii\base\CApplication.php(184): CWebApplication->processRequest()
#2 C:\xampp\htdocs\dealerprice\index.php(13): CApplication->run()
#3 {main}
REQUEST_URI=/dealerprice/themes/classic/images/ui-anim_basic_16x16.png
---
2015/03/30 12:03:26 [error] [exception.CHttpException.404] exception 'CHttpException' with message 'Unable to resolve the request "themes/classic/images/ui-anim_basic_16x16.png".' in C:\xampp\htdocs\yii\web\CWebApplication.php:286
Stack trace:
#0 C:\xampp\htdocs\yii\web\CWebApplication.php(141): CWebApplication->runController('themes/classic/...')
#1 C:\xampp\htdocs\yii\base\CApplication.php(184): CWebApplication->processRequest()
#2 C:\xampp\htdocs\dealerprice\index.php(13): CApplication->run()
#3 {main}
REQUEST_URI=/dealerprice/themes/classic/images/ui-anim_basic_16x16.png
HTTP_REFERER=http://localhost/dealerprice/themes/classic/style-sheets/style-reset.css
---
2015/03/30 12:03:44 [error] [exception.CHttpException.404] exception 'CHttpException' with message 'Unable to resolve the request "themes/classic/images/ui-anim_basic_16x16.png".' in C:\xampp\htdocs\yii\web\CWebApplication.php:286
Stack trace:
#0 C:\xampp\htdocs\yii\web\CWebApplication.php(141): CWebApplication->runController('themes/classic/...')
#1 C:\xampp\htdocs\yii\base\CApplication.php(184): CWebApplication->processRequest()
#2 C:\xampp\htdocs\dealerprice\index.php(13): CApplication->run()
#3 {main}
REQUEST_URI=/dealerprice/themes/classic/images/ui-anim_basic_16x16.png
---
2015/03/30 12:04:36 [error] [exception.CHttpException.404] exception 'CHttpException' with message 'Unable to resolve the request "themes/classic/images/ui-anim_basic_16x16.png".' in C:\xampp\htdocs\yii\web\CWebApplication.php:286
Stack trace:
#0 C:\xampp\htdocs\yii\web\CWebApplication.php(141): CWebApplication->runController('themes/classic/...')
#1 C:\xampp\htdocs\yii\base\CApplication.php(184): CWebApplication->processRequest()
#2 C:\xampp\htdocs\dealerprice\index.php(13): CApplication->run()
#3 {main}
REQUEST_URI=/dealerprice/themes/classic/images/ui-anim_basic_16x16.png
HTTP_REFERER=http://localhost/dealerprice/themes/classic/style-sheets/style-reset.css
---
2015/03/30 12:04:45 [error] [exception.CHttpException.404] exception 'CHttpException' with message 'Unable to resolve the request "themes/classic/images/ui-anim_basic_16x16.png".' in C:\xampp\htdocs\yii\web\CWebApplication.php:286
Stack trace:
#0 C:\xampp\htdocs\yii\web\CWebApplication.php(141): CWebApplication->runController('themes/classic/...')
#1 C:\xampp\htdocs\yii\base\CApplication.php(184): CWebApplication->processRequest()
#2 C:\xampp\htdocs\dealerprice\index.php(13): CApplication->run()
#3 {main}
REQUEST_URI=/dealerprice/themes/classic/images/ui-anim_basic_16x16.png
---
2015/03/30 12:04:59 [error] [exception.CHttpException.404] exception 'CHttpException' with message 'Unable to resolve the request "themes/classic/images/ui-anim_basic_16x16.".' in C:\xampp\htdocs\yii\web\CWebApplication.php:286
Stack trace:
#0 C:\xampp\htdocs\yii\web\CWebApplication.php(141): CWebApplication->runController('themes/classic/...')
#1 C:\xampp\htdocs\yii\base\CApplication.php(184): CWebApplication->processRequest()
#2 C:\xampp\htdocs\dealerprice\index.php(13): CApplication->run()
#3 {main}
REQUEST_URI=/dealerprice/themes/classic/images/ui-anim_basic_16x16.
HTTP_REFERER=http://localhost/dealerprice/themes/classic/style-sheets/style-reset.css
---
